<?xml version="1.0" encoding="UTF-8"?>
<testng-results ignored="0" total="1" passed="1" failed="0" skipped="0">
  <reporter-output>
  </reporter-output>
  <suite started-at="2020-01-31T16:26:54Z" name="Default suite" finished-at="2020-01-31T16:28:03Z" duration-ms="69550">
    <groups>
    </groups>
    <test started-at="2020-01-31T16:26:54Z" name="Default test" finished-at="2020-01-31T16:28:03Z" duration-ms="69550">
      <class name="FSmokeSuit.FSmokeSuit.AutomationDriver">
        <test-method signature="AutomationDriverExecution(FSmokeSuit.FSmokeSuit.LoadManager)[pri:0, instance:FSmokeSuit.FSmokeSuit.AutomationDriver@45ca843]" started-at="2020-01-31T16:26:55Z" name="AutomationDriverExecution" data-provider="SmokeData" finished-at="2020-01-31T16:28:03Z" duration-ms="68623" status="PASS">
          <params>
            <param index="0">
              <value>
                <![CDATA[FSmokeSuit.FSmokeSuit.LoadManager@6b00f608]]>
              </value>
            </param>
          </params>
          <reporter-output>
          </reporter-output>
        </test-method> <!-- AutomationDriverExecution -->
      </class> <!-- FSmokeSuit.FSmokeSuit.AutomationDriver -->
    </test> <!-- Default test -->
  </suite> <!-- Default suite -->
</testng-results>
